<?xml version="1.0" encoding="UTF-8"?>
<testsuite xmlns:xsi="http://www.w3.org/2001/XMLSchema-instance" xsi:noNamespaceSchemaLocation="https://maven.apache.org/surefire/maven-surefire-plugin/xsd/surefire-test-report.xsd" name="eu.jpereira.trainings.designpatterns.structural.adapter.SimpleDoorControllerTest" time="0.369" tests="5" errors="0" skipped="0" failures="0">
  <properties>
    <property name="java.specification.version" value="21"/>
    <property name="sun.jnu.encoding" value="UTF-8"/>
    <property name="java.class.path" value="/home/vostok/codes/lista3/javatrainings/designpatterns/trunk/adapter/target/test-classes:/home/vostok/codes/lista3/javatrainings/designpatterns/trunk/adapter/target/classes:/home/vostok/.m2/repository/junit/junit/4.13.2/junit-4.13.2.jar:/home/vostok/.m2/repository/org/hamcrest/hamcrest-core/1.3/hamcrest-core-1.3.jar:/home/vostok/.m2/repository/org/mockito/mockito-core/3.2.4/mockito-core-3.2.4.jar:/home/vostok/.m2/repository/net/bytebuddy/byte-buddy/1.10.5/byte-buddy-1.10.5.jar:/home/vostok/.m2/repository/net/bytebuddy/byte-buddy-agent/1.10.5/byte-buddy-agent-1.10.5.jar:/home/vostok/.m2/repository/org/objenesis/objenesis/2.6/objenesis-2.6.jar:"/>
    <property name="java.vm.vendor" value="Ubuntu"/>
    <property name="sun.arch.data.model" value="64"/>
    <property name="java.vendor.url" value="https://ubuntu.com/"/>
    <property name="os.name" value="Linux"/>
    <property name="java.vm.specification.version" value="21"/>
    <property name="sun.java.launcher" value="SUN_STANDARD"/>
    <property name="sun.boot.library.path" value="/usr/lib/jvm/java-21-openjdk-amd64/lib"/>
    <property name="sun.java.command" value="/home/vostok/codes/lista3/javatrainings/designpatterns/trunk/adapter/target/surefire/surefirebooter5313215669662935410.jar /home/vostok/codes/lista3/javatrainings/designpatterns/trunk/adapter/target/surefire 2024-11-20T14-58-13_341-jvmRun1 surefire16507919824424868196tmp surefire_07490008771456582036tmp"/>
    <property name="jdk.debug" value="release"/>
    <property name="surefire.test.class.path" value="/home/vostok/codes/lista3/javatrainings/designpatterns/trunk/adapter/target/test-classes:/home/vostok/codes/lista3/javatrainings/designpatterns/trunk/adapter/target/classes:/home/vostok/.m2/repository/junit/junit/4.13.2/junit-4.13.2.jar:/home/vostok/.m2/repository/org/hamcrest/hamcrest-core/1.3/hamcrest-core-1.3.jar:/home/vostok/.m2/repository/org/mockito/mockito-core/3.2.4/mockito-core-3.2.4.jar:/home/vostok/.m2/repository/net/bytebuddy/byte-buddy/1.10.5/byte-buddy-1.10.5.jar:/home/vostok/.m2/repository/net/bytebuddy/byte-buddy-agent/1.10.5/byte-buddy-agent-1.10.5.jar:/home/vostok/.m2/repository/org/objenesis/objenesis/2.6/objenesis-2.6.jar:"/>
    <property name="sun.cpu.endian" value="little"/>
    <property name="user.home" value="/home/vostok"/>
    <property name="user.language" value="en"/>
    <property name="java.specification.vendor" value="Oracle Corporation"/>
    <property name="java.version.date" value="2024-10-15"/>
    <property name="java.home" value="/usr/lib/jvm/java-21-openjdk-amd64"/>
    <property name="file.separator" value="/"/>
    <property name="basedir" value="/home/vostok/codes/lista3/javatrainings/designpatterns/trunk/adapter"/>
    <property name="java.vm.compressedOopsMode" value="32-bit"/>
    <property name="line.separator" value="&#10;"/>
    <property name="java.specification.name" value="Java Platform API Specification"/>
    <property name="java.vm.specification.vendor" value="Oracle Corporation"/>
    <property name="surefire.real.class.path" value="/home/vostok/codes/lista3/javatrainings/designpatterns/trunk/adapter/target/surefire/surefirebooter5313215669662935410.jar"/>
    <property name="sun.management.compiler" value="HotSpot 64-Bit Tiered Compilers"/>
    <property name="java.runtime.version" value="21.0.5+11-Ubuntu-1ubuntu122.04"/>
    <property name="user.name" value="vostok"/>
    <property name="stdout.encoding" value="UTF-8"/>
    <property name="path.separator" value=":"/>
    <property name="os.version" value="5.15.153.1-microsoft-standard-WSL2"/>
    <property name="java.runtime.name" value="OpenJDK Runtime Environment"/>
    <property name="file.encoding" value="UTF-8"/>
    <property name="java.vm.name" value="OpenJDK 64-Bit Server VM"/>
    <property name="localRepository" value="/home/vostok/.m2/repository"/>
    <property name="java.vendor.url.bug" value="https://bugs.launchpad.net/ubuntu/+source/openjdk-21"/>
    <property name="java.io.tmpdir" value="/tmp"/>
    <property name="java.version" value="21.0.5"/>
    <property name="user.dir" value="/home/vostok/codes/lista3/javatrainings/designpatterns/trunk/adapter"/>
    <property name="os.arch" value="amd64"/>
    <property name="java.vm.specification.name" value="Java Virtual Machine Specification"/>
    <property name="native.encoding" value="UTF-8"/>
    <property name="java.library.path" value="/usr/java/packages/lib:/usr/lib/x86_64-linux-gnu/jni:/lib/x86_64-linux-gnu:/usr/lib/x86_64-linux-gnu:/usr/lib/jni:/lib:/usr/lib"/>
    <property name="java.vm.info" value="mixed mode, sharing"/>
    <property name="stderr.encoding" value="UTF-8"/>
    <property name="java.vendor" value="Ubuntu"/>
    <property name="java.vm.version" value="21.0.5+11-Ubuntu-1ubuntu122.04"/>
    <property name="sun.io.unicode.encoding" value="UnicodeLittle"/>
    <property name="java.class.version" value="65.0"/>
  </properties>
  <testcase name="testShouldCloseDoor" classname="eu.jpereira.trainings.designpatterns.structural.adapter.SimpleDoorControllerTest" time="0.364"/>
  <testcase name="testShouldThrowExceptionForInexistentDoor" classname="eu.jpereira.trainings.designpatterns.structural.adapter.SimpleDoorControllerTest" time="0.001"/>
  <testcase name="testShouldThrowExceptionClosingNotManagedDoor" classname="eu.jpereira.trainings.designpatterns.structural.adapter.SimpleDoorControllerTest" time="0"/>
  <testcase name="testShouldOpenDoor" classname="eu.jpereira.trainings.designpatterns.structural.adapter.SimpleDoorControllerTest" time="0.001"/>
  <testcase name="testShouldNotAddSameElement" classname="eu.jpereira.trainings.designpatterns.structural.adapter.SimpleDoorControllerTest" time="0.001"/>
</testsuite>